Flow report for OnePunchCPU
Thu Jun 16 11:29:06 2016
Quartus II 64-Bit Version 13.0.0 Build 156 04/24/2013 SJ Web Edition


---------------------
; Table of Contents ;
---------------------
  1. Legal Notice
  2. Flow Summary
  3. Flow Settings
  4. Flow Non-Default Global Settings
  5. Flow Elapsed Time
  6. Flow OS Summary
  7. Flow Log
  8. Flow Messages
  9. Flow Suppressed Messages



----------------
; Legal Notice ;
----------------
Copyright (C) 1991-2013 Altera Corporation
Your use of Altera Corporation's design tools, logic functions 
and other software and tools, and its AMPP partner logic 
functions, and any output files from any of the foregoing 
(including device programming or simulation files), and any 
associated documentation or information are expressly subject 
to the terms and conditions of the Altera Program License 
Subscription Agreement, Altera MegaCore Function License 
Agreement, or other applicable license agreement, including, 
without limitation, that your use is for the sole purpose of 
programming logic devices manufactured by Altera and sold by 
Altera or its authorized distributors.  Please refer to the 
applicable agreement for further details.



+---------------------------------------------------------------------------------+
; Flow Summary                                                                    ;
+------------------------------------+--------------------------------------------+
; Flow Status                        ; Successful - Thu Jun 16 11:29:06 2016      ;
; Quartus II 64-Bit Version          ; 13.0.0 Build 156 04/24/2013 SJ Web Edition ;
; Revision Name                      ; OnePunchCPU                                ;
; Top-level Entity Name              ; sc_computer                                ;
; Family                             ; Cyclone II                                 ;
; Device                             ; EP2C35F672C6                               ;
; Timing Models                      ; Final                                      ;
; Total logic elements               ; 3,220 / 33,216 ( 10 % )                    ;
;     Total combinational functions  ; 2,717 / 33,216 ( 8 % )                     ;
;     Dedicated logic registers      ; 1,051 / 33,216 ( 3 % )                     ;
; Total registers                    ; 1051                                       ;
; Total pins                         ; 194 / 475 ( 41 % )                         ;
; Total virtual pins                 ; 0                                          ;
; Total memory bits                  ; 2,304 / 483,840 ( < 1 % )                  ;
; Embedded Multiplier 9-bit elements ; 0 / 70 ( 0 % )                             ;
; Total PLLs                         ; 0 / 4 ( 0 % )                              ;
+------------------------------------+--------------------------------------------+


+-----------------------------------------+
; Flow Settings                           ;
+-------------------+---------------------+
; Option            ; Setting             ;
+-------------------+---------------------+
; Start date & time ; 06/16/2016 11:27:23 ;
; Main task         ; Compilation         ;
; Revision Name     ; OnePunchCPU         ;
+-------------------+---------------------+


+---------------------------------------------------------------------------------------------------------------------+
; Flow Non-Default Global Settings                                                                                    ;
+-------------------------------------+--------------------------------+---------------+-------------+----------------+
; Assignment Name                     ; Value                          ; Default Value ; Entity Name ; Section Id     ;
+-------------------------------------+--------------------------------+---------------+-------------+----------------+
; COMPILER_SIGNATURE_ID               ; 55226370189938.146604764111956 ; --            ; --          ; --             ;
; EDA_GENERATE_FUNCTIONAL_NETLIST     ; On                             ; --            ; --          ; eda_simulation ;
; EDA_OUTPUT_DATA_FORMAT              ; Verilog Hdl                    ; --            ; --          ; eda_simulation ;
; EDA_SIMULATION_TOOL                 ; ModelSim-Altera (Verilog)      ; <None>        ; --          ; --             ;
; MAX_CORE_JUNCTION_TEMP              ; 85                             ; --            ; --          ; --             ;
; MIN_CORE_JUNCTION_TEMP              ; 0                              ; --            ; --          ; --             ;
; PARTITION_COLOR                     ; 16764057                       ; --            ; sc_computer ; Top            ;
; PARTITION_FITTER_PRESERVATION_LEVEL ; PLACEMENT_AND_ROUTING          ; --            ; sc_computer ; Top            ;
; PARTITION_NETLIST_TYPE              ; SOURCE                         ; --            ; sc_computer ; Top            ;
; PROJECT_OUTPUT_DIRECTORY            ; output_files                   ; --            ; --          ; --             ;
; TOP_LEVEL_ENTITY                    ; sc_computer                    ; OnePunchCPU   ; --          ; --             ;
+-------------------------------------+--------------------------------+---------------+-------------+----------------+


+-------------------------------------------------------------------------------------------------------------------------------+
; Flow Elapsed Time                                                                                                             ;
+---------------------------+--------------+-------------------------+---------------------+------------------------------------+
; Module Name               ; Elapsed Time ; Average Processors Used ; Peak Virtual Memory ; Total CPU Time (on all processors) ;
+---------------------------+--------------+-------------------------+---------------------+------------------------------------+
; Analysis & Synthesis      ; 00:00:25     ; 1.0                     ; 471 MB              ; 00:00:19                           ;
; Fitter                    ; 00:00:58     ; 1.0                     ; 699 MB              ; 00:00:54                           ;
; Assembler                 ; 00:00:04     ; 1.0                     ; 443 MB              ; 00:00:03                           ;
; TimeQuest Timing Analyzer ; 00:00:04     ; 1.0                     ; 493 MB              ; 00:00:03                           ;
; EDA Netlist Writer        ; 00:00:03     ; 1.0                     ; 411 MB              ; 00:00:02                           ;
; Total                     ; 00:01:34     ; --                      ; --                  ; 00:01:21                           ;
+---------------------------+--------------+-------------------------+---------------------+------------------------------------+


+----------------------------------------------------------------------------------------+
; Flow OS Summary                                                                        ;
+---------------------------+------------------+-----------+------------+----------------+
; Module Name               ; Machine Hostname ; OS Name   ; OS Version ; Processor type ;
+---------------------------+------------------+-----------+------------+----------------+
; Analysis & Synthesis      ; HP-PC            ; Windows 7 ; 6.2        ; x86_64         ;
; Fitter                    ; HP-PC            ; Windows 7 ; 6.2        ; x86_64         ;
; Assembler                 ; HP-PC            ; Windows 7 ; 6.2        ; x86_64         ;
; TimeQuest Timing Analyzer ; HP-PC            ; Windows 7 ; 6.2        ; x86_64         ;
; EDA Netlist Writer        ; HP-PC            ; Windows 7 ; 6.2        ; x86_64         ;
+---------------------------+------------------+-----------+------------+----------------+


------------
; Flow Log ;
------------
quartus_map --read_settings_files=on --write_settings_files=off OnePunchCPU -c OnePunchCPU
quartus_fit --read_settings_files=off --write_settings_files=off OnePunchCPU -c OnePunchCPU
quartus_asm --read_settings_files=off --write_settings_files=off OnePunchCPU -c OnePunchCPU
quartus_sta OnePunchCPU -c OnePunchCPU
quartus_eda --read_settings_files=off --write_settings_files=off OnePunchCPU -c OnePunchCPU



